app/build/intermediates/manifest_merge_blame_file/release/processReleaseMainManifest/manifest-merger-blame-release-report.txt
1<?xml version="1.0" encoding="utf-8"?>
2<manifest xmlns:android="http://schemas.android.com/apk/res/android"
3    package="com.example.kakuyomureader"
4    android:versionCode="1"
5    android:versionName="1.0.0" >
6
7    <uses-sdk
8        android:minSdkVersion="26"
9        android:targetSdkVersion="34" />
10
11    <!-- ネットワーク通信権限 -->
12    <uses-permission android:name="android.permission.INTERNET" />
12-->src/main/AndroidManifest.xml:5:5-67
12-->src/main/AndroidManifest.xml:5:22-64
13    <uses-permission android:name="android.permission.ACCESS_NETWORK_STATE" />
13-->src/main/AndroidManifest.xml:6:5-79
13-->src/main/AndroidManifest.xml:6:22-76
14
15    <!-- バックグラウンド音声読み上げ用フォアグラウンドサービス権限 -->
16    <uses-permission android:name="android.permission.FOREGROUND_SERVICE" />
16-->src/main/AndroidManifest.xml:9:5-77
16-->src/main/AndroidManifest.xml:9:22-74
17    <uses-permission android:name="android.permission.FOREGROUND_SERVICE_MEDIA_PLAYBACK" />
17-->src/main/AndroidManifest.xml:10:5-92
17-->src/main/AndroidManifest.xml:10:22-89
18    <uses-permission android:name="android.permission.POST_NOTIFICATIONS" />
18-->src/main/AndroidManifest.xml:11:5-77
18-->src/main/AndroidManifest.xml:11:22-74
19
20    <!-- TTSエンジンの検索・バインドを許可 (Android 11+ Package Visibility) -->
21    <queries>
21-->src/main/AndroidManifest.xml:14:5-18:15
22        <intent>
22-->src/main/AndroidManifest.xml:15:9-17:18
23            <action android:name="android.intent.action.TTS_SERVICE" />
23-->src/main/AndroidManifest.xml:16:13-72
23-->src/main/AndroidManifest.xml:16:21-69
24        </intent>
25    </queries>
26
27    <permission
27-->[androidx.core:core:1.13.1] AndroidManifest.xml:22:5-24:47
28        android:name="com.example.kakuyomureader.DYNAMIC_RECEIVER_NOT_EXPORTED_PERMISSION"
28-->[androidx.core:core:1.13.1] AndroidManifest.xml:23:9-81
29        android:protectionLevel="signature" />
29-->[androidx.core:core:1.13.1] AndroidManifest.xml:24:9-44
30
31    <uses-permission android:name="com.example.kakuyomureader.DYNAMIC_RECEIVER_NOT_EXPORTED_PERMISSION" />
31-->[androidx.core:core:1.13.1] AndroidManifest.xml:26:5-97
31-->[androidx.core:core:1.13.1] AndroidManifest.xml:26:22-94
32
33    <application
33-->src/main/AndroidManifest.xml:20:5-49:19
34        android:name="com.example.kakuyomureader.KakuyomuReaderApp"
34-->src/main/AndroidManifest.xml:21:9-42
35        android:allowBackup="true"
35-->src/main/AndroidManifest.xml:22:9-35
36        android:appComponentFactory="androidx.core.app.CoreComponentFactory"
36-->[androidx.core:core:1.13.1] AndroidManifest.xml:28:18-86
37        android:extractNativeLibs="false"
38        android:icon="@mipmap/ic_launcher"
38-->src/main/AndroidManifest.xml:23:9-43
39        android:label="@string/app_name"
39-->src/main/AndroidManifest.xml:25:9-41
40        android:roundIcon="@mipmap/ic_launcher_round"
40-->src/main/AndroidManifest.xml:24:9-54
41        android:supportsRtl="true"
41-->src/main/AndroidManifest.xml:26:9-35
42        android:theme="@style/Theme.KakuyomuReader"
42-->src/main/AndroidManifest.xml:27:9-52
43        android:usesCleartextTraffic="true" >
43-->src/main/AndroidManifest.xml:28:9-44
44
45        <!-- メイン画面 Activity -->
46        <activity
46-->src/main/AndroidManifest.xml:31:9-40:20
47            android:name="com.example.kakuyomureader.MainActivity"
47-->src/main/AndroidManifest.xml:32:13-41
48            android:configChanges="orientation|screenSize|screenLayout|keyboardHidden"
48-->src/main/AndroidManifest.xml:34:13-87
49            android:exported="true"
49-->src/main/AndroidManifest.xml:33:13-36
50            android:windowSoftInputMode="adjustResize" >
50-->src/main/AndroidManifest.xml:35:13-55
51            <intent-filter>
51-->src/main/AndroidManifest.xml:36:13-39:29
52                <action android:name="android.intent.action.MAIN" />
52-->src/main/AndroidManifest.xml:37:17-69
52-->src/main/AndroidManifest.xml:37:25-66
53
54                <category android:name="android.intent.category.LAUNCHER" />
54-->src/main/AndroidManifest.xml:38:17-77
54-->src/main/AndroidManifest.xml:38:27-74
55            </intent-filter>
56        </activity>
57
58        <!-- 音声読み上げフォアグラウンドサービス -->
59        <service
59-->src/main/AndroidManifest.xml:43:9-47:61
60            android:name="com.example.kakuyomureader.feature.playback.service.NovelPlaybackService"
60-->src/main/AndroidManifest.xml:44:13-74
61            android:enabled="true"
61-->src/main/AndroidManifest.xml:45:13-35
62            android:exported="false"
62-->src/main/AndroidManifest.xml:46:13-37
63            android:foregroundServiceType="mediaPlayback" />
63-->src/main/AndroidManifest.xml:47:13-58
64
65        <provider
65-->[androidx.emoji2:emoji2:1.3.0] AndroidManifest.xml:24:9-32:20
66            android:name="androidx.startup.InitializationProvider"
66-->[androidx.emoji2:emoji2:1.3.0] AndroidManifest.xml:25:13-67
67            android:authorities="com.example.kakuyomureader.androidx-startup"
67-->[androidx.emoji2:emoji2:1.3.0] AndroidManifest.xml:26:13-68
68            android:exported="false" >
68-->[androidx.emoji2:emoji2:1.3.0] AndroidManifest.xml:27:13-37
69            <meta-data
69-->[androidx.emoji2:emoji2:1.3.0] AndroidManifest.xml:29:13-31:52
70                android:name="androidx.emoji2.text.EmojiCompatInitializer"
70-->[androidx.emoji2:emoji2:1.3.0] AndroidManifest.xml:30:17-75
71                android:value="androidx.startup" />
71-->[androidx.emoji2:emoji2:1.3.0] AndroidManifest.xml:31:17-49
72            <meta-data
72-->[androidx.lifecycle:lifecycle-process:2.7.0] AndroidManifest.xml:29:13-31:52
73                android:name="androidx.lifecycle.ProcessLifecycleInitializer"
73-->[androidx.lifecycle:lifecycle-process:2.7.0] AndroidManifest.xml:30:17-78
74                android:value="androidx.startup" />
74-->[androidx.lifecycle:lifecycle-process:2.7.0] AndroidManifest.xml:31:17-49
75            <meta-data
75-->[androidx.profileinstaller:profileinstaller:1.3.1] AndroidManifest.xml:29:13-31:52
76                android:name="androidx.profileinstaller.ProfileInstallerInitializer"
76-->[androidx.profileinstaller:profileinstaller:1.3.1] AndroidManifest.xml:30:17-85
77                android:value="androidx.startup" />
77-->[androidx.profileinstaller:profileinstaller:1.3.1] AndroidManifest.xml:31:17-49
78        </provider>
79
80        <receiver
80-->[androidx.profileinstaller:profileinstaller:1.3.1] AndroidManifest.xml:34:9-52:20
81            android:name="androidx.profileinstaller.ProfileInstallReceiver"
81-->[androidx.profileinstaller:profileinstaller:1.3.1] AndroidManifest.xml:35:13-76
82            android:directBootAware="false"
82-->[androidx.profileinstaller:profileinstaller:1.3.1] AndroidManifest.xml:36:13-44
83            android:enabled="true"
83-->[androidx.profileinstaller:profileinstaller:1.3.1] AndroidManifest.xml:37:13-35
84            android:exported="true"
84-->[androidx.profileinstaller:profileinstaller:1.3.1] AndroidManifest.xml:38:13-36
85            android:permission="android.permission.DUMP" >
85-->[androidx.profileinstaller:profileinstaller:1.3.1] AndroidManifest.xml:39:13-57
86            <intent-filter>
86-->[androidx.profileinstaller:profileinstaller:1.3.1] AndroidManifest.xml:40:13-42:29
87                <action android:name="androidx.profileinstaller.action.INSTALL_PROFILE" />
87-->[androidx.profileinstaller:profileinstaller:1.3.1] AndroidManifest.xml:41:17-91
87-->[androidx.profileinstaller:profileinstaller:1.3.1] AndroidManifest.xml:41:25-88
88            </intent-filter>
89            <intent-filter>
89-->[androidx.profileinstaller:profileinstaller:1.3.1] AndroidManifest.xml:43:13-45:29
90                <action android:name="androidx.profileinstaller.action.SKIP_FILE" />
90-->[androidx.profileinstaller:profileinstaller:1.3.1] AndroidManifest.xml:44:17-85
90-->[androidx.profileinstaller:profileinstaller:1.3.1] AndroidManifest.xml:44:25-82
91            </intent-filter>
92            <intent-filter>
92-->[androidx.profileinstaller:profileinstaller:1.3.1] AndroidManifest.xml:46:13-48:29
93                <action android:name="androidx.profileinstaller.action.SAVE_PROFILE" />
93-->[androidx.profileinstaller:profileinstaller:1.3.1] AndroidManifest.xml:47:17-88
93-->[androidx.profileinstaller:profileinstaller:1.3.1] AndroidManifest.xml:47:25-85
94            </intent-filter>
95            <intent-filter>
95-->[androidx.profileinstaller:profileinstaller:1.3.1] AndroidManifest.xml:49:13-51:29
96                <action android:name="androidx.profileinstaller.action.BENCHMARK_OPERATION" />
96-->[androidx.profileinstaller:profileinstaller:1.3.1] AndroidManifest.xml:50:17-95
96-->[androidx.profileinstaller:profileinstaller:1.3.1] AndroidManifest.xml:50:25-92
97            </intent-filter>
98        </receiver>
99    </application>
100
101</manifest>